[12:48:57.598] [INFO   ] thread main starting.
[12:48:57.604] [SEVERE ] cannot read configuration file config.properties trying from resources.
[12:48:57.606] [SEVERE ] configuration file was loaded from resources directory.
[12:48:58.439] [INFO   ] thread dealer starting.
[12:48:58.440] [INFO   ] thread dealer starting.
[12:48:58.440] [INFO   ] thread Thread-0 created.
[12:48:58.440] [INFO   ] thread Thread-1 created.
[12:48:58.440] [INFO   ] thread Thread-0 starting.
[12:48:58.440] [INFO   ] thread Thread-1 starting.
[12:48:58.440] [INFO   ] thread Thread-2 created.
[12:48:58.440] [INFO   ] thread Thread-3 created.
[12:48:58.440] [INFO   ] thread Thread-2 starting.
[12:48:58.440] [INFO   ] thread Thread-3 starting.
[12:48:58.440] [INFO   ] thread Thread-4 created.
[12:48:58.441] [INFO   ] thread computer-3 created.
[12:48:58.441] [INFO   ] thread Thread-4 starting.
[12:48:58.441] [INFO   ] thread computer-2 created.
[12:48:58.441] [INFO   ] thread computer-3 starting.
[12:48:58.441] [INFO   ] thread computer-2 starting.
[12:48:58.441] [INFO   ] thread computer-4 created.
[12:48:58.441] [INFO   ] thread Thread-5 created.
[12:48:58.441] [INFO   ] thread computer-4 starting.
[12:48:58.442] [INFO   ] thread Thread-6 created.
[12:48:58.442] [INFO   ] thread Thread-5 starting.
[12:48:58.442] [INFO   ] thread computer-5 created.
[12:48:58.444] [INFO   ] thread Thread-6 starting.
[12:48:58.444] [INFO   ] thread computer-5 starting.
[12:48:58.444] [INFO   ] thread computer-6 created.
[12:48:58.445] [INFO   ] thread computer-6 starting.
[12:48:58.553] [SEVERE ] placing card 11 in slot 0
[12:48:58.658] [SEVERE ] placing card 30 in slot 1
[12:48:58.764] [SEVERE ] placing card 18 in slot 2
[12:48:58.867] [SEVERE ] placing card 7 in slot 3
[12:48:58.970] [SEVERE ] placing card 33 in slot 4
[12:48:59.072] [SEVERE ] placing card 39 in slot 5
[12:48:59.174] [SEVERE ] placing card 20 in slot 6
[12:48:59.279] [SEVERE ] placing card 44 in slot 7
[12:48:59.385] [SEVERE ] placing card 5 in slot 8
[12:48:59.490] [SEVERE ] placing card 72 in slot 9
[12:48:59.596] [SEVERE ] placing card 40 in slot 10
[12:48:59.702] [SEVERE ] placing card 31 in slot 11
[12:48:59.702] [SEVERE ] player 3 placing token on slot 5
[12:48:59.702] [SEVERE ] updating countdown to 60000
[12:48:59.702] [SEVERE ] player 5 placing token on slot 7
[12:48:59.703] [SEVERE ] player 7 placing token on slot 11
[12:48:59.703] [SEVERE ] player 4 placing token on slot 5
[12:48:59.703] [SEVERE ] player 4 placing token on slot 0
[12:48:59.703] [SEVERE ] player 4 placing token on slot 2
[12:48:59.703] [SEVERE ] removing player 7 token from slot 11
[12:48:59.703] [SEVERE ] player 7 placing token on slot 5
[12:48:59.703] [SEVERE ] player 7 placing token on slot 9
[12:48:59.704] [SEVERE ] player 7 placing token on slot 2
[12:48:59.704] [SEVERE ] player 5 placing token on slot 6
[12:48:59.704] [SEVERE ] player 5 placing token on slot 8
[12:48:59.704] [SEVERE ] player 3 placing token on slot 2
[12:48:59.704] [SEVERE ] player 3 placing token on slot 10
[12:48:59.704] [SEVERE ] player 6 placing token on slot 2
[12:48:59.704] [SEVERE ] player 6 placing token on slot 8
[12:48:59.704] [SEVERE ] player 6 placing token on slot 11
[12:48:59.705] [SEVERE ] updating countdown to 59997
[12:48:59.705] [SEVERE ] setting player 4 freeze to 3000
[12:48:59.705] [SEVERE ] setting player 7 freeze to 3000
[12:48:59.705] [SEVERE ] updating countdown to 59997
[12:48:59.705] [SEVERE ] updating countdown to 59997
[12:48:59.705] [SEVERE ] setting player 5 freeze to 3000
[12:48:59.705] [SEVERE ] setting player 3 freeze to 3000
[12:48:59.705] [SEVERE ] updating countdown to 59997
[12:48:59.706] [SEVERE ] updating countdown to 59996
[12:48:59.706] [SEVERE ] setting player 6 freeze to 3000
[12:48:59.811] [SEVERE ] updating countdown to 59891
[12:48:59.916] [SEVERE ] updating countdown to 59786
[12:49:00.022] [SEVERE ] updating countdown to 59680
[12:49:00.128] [SEVERE ] updating countdown to 59574
[12:49:00.233] [SEVERE ] updating countdown to 59469
[12:49:00.339] [SEVERE ] updating countdown to 59363
[12:49:00.441] [SEVERE ] updating countdown to 59261
[12:49:00.546] [SEVERE ] updating countdown to 59156
[12:49:00.652] [SEVERE ] updating countdown to 59050
[12:49:00.710] [SEVERE ] setting player 4 freeze to 2000
[12:49:00.711] [SEVERE ] setting player 5 freeze to 2000
[12:49:00.710] [SEVERE ] setting player 7 freeze to 2000
[12:49:00.710] [SEVERE ] setting player 3 freeze to 2000
[12:49:00.711] [SEVERE ] setting player 6 freeze to 2000
[12:49:00.758] [SEVERE ] updating countdown to 58944
[12:49:00.864] [SEVERE ] updating countdown to 58838
[12:49:00.968] [SEVERE ] updating countdown to 58734
[12:49:01.074] [SEVERE ] updating countdown to 58628
[12:49:01.179] [SEVERE ] updating countdown to 58523
[12:49:01.281] [SEVERE ] updating countdown to 58421
[12:49:01.385] [SEVERE ] updating countdown to 58317
[12:49:01.490] [SEVERE ] updating countdown to 58212
[12:49:01.592] [SEVERE ] updating countdown to 58110
[12:49:01.698] [SEVERE ] updating countdown to 58004
[12:49:01.714] [SEVERE ] setting player 4 freeze to 1000
[12:49:01.714] [SEVERE ] setting player 5 freeze to 1000
[12:49:01.714] [SEVERE ] setting player 6 freeze to 1000
[12:49:01.714] [SEVERE ] setting player 3 freeze to 1000
[12:49:01.716] [SEVERE ] setting player 7 freeze to 1000
[12:49:01.803] [SEVERE ] updating countdown to 57899
[12:49:01.909] [SEVERE ] updating countdown to 57793
[12:49:02.014] [SEVERE ] updating countdown to 57688
[12:49:02.119] [SEVERE ] updating countdown to 57583
[12:49:02.225] [SEVERE ] updating countdown to 57477
[12:49:02.329] [SEVERE ] updating countdown to 57373
[12:49:02.433] [SEVERE ] updating countdown to 57269
[12:49:02.538] [SEVERE ] updating countdown to 57164
[12:49:02.643] [SEVERE ] updating countdown to 57059
[12:49:02.719] [SEVERE ] setting player 5 freeze to 0
[12:49:02.719] [SEVERE ] setting player 6 freeze to 0
[12:49:02.721] [SEVERE ] removing player 5 token from slot 7
[12:49:02.721] [SEVERE ] removing player 5 token from slot 6
[12:49:02.722] [SEVERE ] player 5 placing token on slot 0
[12:49:02.719] [SEVERE ] setting player 3 freeze to 0
[12:49:02.719] [SEVERE ] setting player 4 freeze to 0
[12:49:02.723] [SEVERE ] player 5 placing token on slot 9
[12:49:02.721] [SEVERE ] setting player 7 freeze to 0
[12:49:02.726] [SEVERE ] removing player 6 token from slot 8
[12:49:02.727] [SEVERE ] player 6 placing token on slot 4
[12:49:02.727] [SEVERE ] updating countdown to 56975
[12:49:02.727] [SEVERE ] updating countdown to 56975
[12:49:02.729] [SEVERE ] removing player 7 token from slot 9
[12:49:02.729] [SEVERE ] player 7 placing token on slot 11
[12:49:02.729] [SEVERE ] setting player 5 freeze to 3000
[12:49:02.730] [SEVERE ] setting player 6 freeze to 3000
[12:49:02.730] [SEVERE ] updating countdown to 56972
[12:49:02.730] [SEVERE ] setting player 7 freeze to 3000
[12:49:02.730] [SEVERE ] removing player 4 token from slot 5
[12:49:02.731] [SEVERE ] player 4 placing token on slot 6
[12:49:02.731] [SEVERE ] updating countdown to 56971
[12:49:02.731] [SEVERE ] setting player 4 freeze to 3000
[12:49:02.731] [SEVERE ] removing player 3 token from slot 10
[12:49:02.731] [SEVERE ] player 3 placing token on slot 4
[12:49:02.732] [SEVERE ] updating countdown to 56970
[12:49:02.732] [SEVERE ] setting player 3 freeze to 3000
[12:49:02.837] [SEVERE ] updating countdown to 56865
[12:49:02.939] [SEVERE ] updating countdown to 56763
[12:49:03.029] [SEVERE ] exit button pressed
[12:49:03.029] [INFO   ] thread computer-6 terminated.
[12:49:03.029] [INFO   ] thread computer-5 terminated.
[12:49:03.029] [INFO   ] thread Thread-6 terminated.
[12:49:03.029] [INFO   ] thread Thread-5 terminated.
[12:49:03.030] [INFO   ] thread computer-4 terminated.
[12:49:03.030] [INFO   ] thread computer-2 terminated.
[12:49:03.030] [INFO   ] thread computer-3 terminated.
[12:49:03.030] [INFO   ] thread Thread-4 terminated.
[12:49:03.030] [INFO   ] thread Thread-3 terminated.
[12:49:03.030] [INFO   ] thread Thread-2 terminated.
[12:49:03.030] [INFO   ] thread Thread-1 terminated.
[12:49:03.030] [INFO   ] thread Thread-0 terminated.
[12:49:03.045] [SEVERE ] updating countdown to 56657
[12:49:03.045] [SEVERE ] updating countdown to 56657
[12:49:03.150] [SEVERE ] removing tokens from slot 0
[12:49:03.150] [SEVERE ] removing card from slot 0
[12:49:03.255] [SEVERE ] removing tokens from slot 1
[12:49:03.255] [SEVERE ] removing card from slot 1
[12:49:03.360] [SEVERE ] removing tokens from slot 2
[12:49:03.361] [SEVERE ] removing card from slot 2
[12:49:03.466] [SEVERE ] removing tokens from slot 3
[12:49:03.466] [SEVERE ] removing card from slot 3
[12:49:03.571] [SEVERE ] removing tokens from slot 4
[12:49:03.571] [SEVERE ] removing card from slot 4
[12:49:03.672] [SEVERE ] removing tokens from slot 5
[12:49:03.672] [SEVERE ] removing card from slot 5
[12:49:03.778] [SEVERE ] removing tokens from slot 6
[12:49:03.779] [SEVERE ] removing card from slot 6
[12:49:03.884] [SEVERE ] removing tokens from slot 7
[12:49:03.884] [SEVERE ] removing card from slot 7
[12:49:03.988] [SEVERE ] removing tokens from slot 8
[12:49:03.989] [SEVERE ] removing card from slot 8
[12:49:04.094] [SEVERE ] removing tokens from slot 9
[12:49:04.095] [SEVERE ] removing card from slot 9
[12:49:04.200] [SEVERE ] removing tokens from slot 10
[12:49:04.200] [SEVERE ] removing card from slot 10
[12:49:04.305] [SEVERE ] removing tokens from slot 11
[12:49:04.305] [SEVERE ] removing card from slot 11
[12:49:04.305] [SEVERE ] updating countdown to 60000
[12:49:04.307] [SEVERE ] announcing winner(s): player 1, player 2, player 3, player 4, player 5, player 6, player 7
[12:49:09.313] [INFO   ] thread dealer terminated.
[12:49:09.315] [INFO   ] thread dealer terminated.
[12:49:09.315] [SEVERE ] thanks for playing... it was fun!
[12:49:09.315] [INFO   ] thread main terminated.
